################## Summary #####################
        Test Number: 3466
        Time Consume: 1.694 s
        FPS: 2045.760
        LEVEL - 0
        Mean Error:
            Left Eye       = 0.000027
            Right Eye      = 0.000015
            Nose           = 0.000046
            Left Mouth     = 0.000021
            Right Mouth    = 0.000017
        Failure:
            Left Eye       = 0.000289
            Right Eye      = 0.000289
            Nose           = 0.000289
            Left Mouth     = 0.000289
            Right Mouth    = 0.000289
        
alpha0_11:0: 0.831944
alpha0_12:0: 0.0633938
alpha0_21:0: 0.842051
alpha0_22:0: 0.0641055
alpha1_11:0: 0.851169
alpha1_12:0: 0.0677456
alpha1_21:0: 0.865758
alpha1_22:0: 0.0928316
alpha2_11:0: 0.849621
alpha2_12:0: 0.0746686
alpha2_21:0: 0.870627
alpha2_22:0: 0.0741411
alpha3_11:0: 0.852578
alpha3_12:0: 0.0823058
alpha3_21:0: 0.887587
alpha3_22:0: 0.0834758
alpha4_11:0: 0.817998
alpha4_12:0: 0.0264925
alpha4_21:0: 0.926274
alpha4_22:0: 0.29655
a_w0:0: 0.555289
b_w0:0: -0.00854246
a_w1:0: 0.586829
b_w1:0: -0.0132208
a_w2:0: 0.630502
b_w2:0: -0.0263066
a_w3:0: 0.668171
b_w3:0: -0.010911
a_w4:0: 0.666189
b_w4:0: -0.00979877
